Arguments: 
  C:\Program Files\nodejs\node.exe C:\Users\jkmsz\AppData\Roaming\npm\node_modules\yarn\bin\yarn.js add chalk

PATH: 
  C:\Program Files\Common Files\Oracle\Java\javapath;C:\Program Files (x86)\Common Files\Oracle\Java\javapath;C:\Python39\Scripts\;C:\Python39\;C:\Windows\system32;C:\Windows;C:\Windows\System32\Wbem;C:\Windows\System32\WindowsPowerShell\v1.0\;C:\Windows\System32\OpenSSH\;C:\Program Files\Git\cmd;C:\Program Files\nodejs\;C:\ProgramData\chocolatey\bin;C:\Program Files\dotnet\;C:\Program Files\Go\bin;C:\Program Files (x86)\Git\cmd;C:\Program Files (x86)\Lua\5.1;C:\Program Files (x86)\Lua\5.1\clibs;D:\llvm\bin;C:\Program Files\Docker\Docker\resources\bin;C:\ProgramData\DockerDesktop\version-bin;C:\Program Files (x86)\Windows Kits\10\Windows Performance Toolkit\;C:\Program Files\OpenJDK\openjdk-8u312-b07\bin;C:\Users\jkmsz\.cargo\bin;C:\Users\jkmsz\AppData\Local\Microsoft\WindowsApps;C:\Users\jkmsz\Downloads\cmder\Cmder.exe;C:\Users\jkmsz\AppData\Roaming\npm;C:\Users\jkmsz\.dotnet\tools;C:\Users\jkmsz\AppData\Local\GitHubDesktop\bin;C:\Users\jkmsz\AppData\Local\atom\bin;C:\Users\jkmsz\AppData\Local\gitkraken\bin;C:\Users\jkmsz\Downloads\sonar-scanner-cli-4.6.2.2472-windows\sonar-scanner-4.6.2.2472-windows\bin;D:\stuff\cloc.exe;C:\Users\jkmsz\go\bin;C:\Program Files (x86)\Nmap;C:\Users\jkmsz\AppData\Local\Programs\Microsoft VS Code\bin;C:\Users\jkmsz\.fly\bin;C:\Program Files (x86)\GitHub CLI\;C:\Users\jkmsz\spicetify-cli;C:\Program Files\PostgreSQL\14\bin;C:\Users\jkmsz\Downloads\swfmill-0.3.3-win32;C:\Users\jkmsz\.dotnet\tools;C:\Users\jkmsz\AppData\Local\Keybase\;C:\Users\jkmsz\Documents\coding\empire\church\node_modules\.bin;C:\Program Files (x86)\Git\mingw32\bin;C:\Program Files (x86)\Git\usr\bin;C:\Users\jkmsz\Downloads\cmder\vendor\bin;C:\Users\jkmsz\Downloads\cmder

Yarn version: 
  1.22.11

Node version: 
  16.6.0

Platform: 
  win32 x64

Trace: 
  SyntaxError: C:\Users\jkmsz\Documents\coding\empire\church\packages\server\package.json: Unexpected token } in JSON at position 390
      at JSON.parse (<anonymous>)
      at C:\Users\jkmsz\AppData\Roaming\npm\node_modules\yarn\lib\cli.js:1625:59
      at Generator.next (<anonymous>)
      at step (C:\Users\jkmsz\AppData\Roaming\npm\node_modules\yarn\lib\cli.js:310:30)
      at C:\Users\jkmsz\AppData\Roaming\npm\node_modules\yarn\lib\cli.js:321:13

npm manifest: 
  {
    "name": "@church/server",
    "version": "0.0.0",
    "description": "Server library for Church",
    "author": "Léderer András <andrew@file.glass>",
    "homepage": "",
    "license": "ISC",
    "main": "dist/bundle.js",
    "files": [
      "dist"
    ],
    "publishConfig": {
      "access": "public"
    },
    "scripts": {
      "build": "node build.js"
    },
    "dependencies": {
      "esbuild": "^0.14.14",
    },
    "devDependencies": {
      "@types/fs-extra": "^9.0.13",
      "esbuild-node-externals": "^1.4.1"
    }
  }

yarn manifest: 
  No manifest

Lockfile: 
  No lockfile
