Arguments: 
  C:\Program Files\nodejs\node.exe C:\Users\jkmsz\AppData\Roaming\npm\node_modules\yarn\bin\yarn.js add esbuild

PATH: 
  C:\Program Files\Common Files\Oracle\Java\javapath;C:\Program Files (x86)\Common Files\Oracle\Java\javapath;C:\Python39\Scripts\;C:\Python39\;C:\Windows\system32;C:\Windows;C:\Windows\System32\Wbem;C:\Windows\System32\WindowsPowerShell\v1.0\;C:\Windows\System32\OpenSSH\;C:\Program Files\Git\cmd;C:\Program Files\nodejs\;C:\ProgramData\chocolatey\bin;C:\Program Files\dotnet\;C:\Program Files\Go\bin;C:\Program Files (x86)\Git\cmd;C:\Program Files (x86)\Lua\5.1;C:\Program Files (x86)\Lua\5.1\clibs;D:\llvm\bin;C:\Program Files\Docker\Docker\resources\bin;C:\ProgramData\DockerDesktop\version-bin;C:\Program Files (x86)\Windows Kits\10\Windows Performance Toolkit\;C:\Program Files\OpenJDK\openjdk-8u312-b07\bin;C:\Users\jkmsz\.cargo\bin;C:\Users\jkmsz\AppData\Local\Microsoft\WindowsApps;C:\Users\jkmsz\Downloads\cmder\Cmder.exe;C:\Users\jkmsz\AppData\Roaming\npm;C:\Users\jkmsz\.dotnet\tools;C:\Users\jkmsz\AppData\Local\GitHubDesktop\bin;C:\Users\jkmsz\AppData\Local\atom\bin;C:\Users\jkmsz\AppData\Local\gitkraken\bin;C:\Users\jkmsz\Downloads\sonar-scanner-cli-4.6.2.2472-windows\sonar-scanner-4.6.2.2472-windows\bin;D:\stuff\cloc.exe;C:\Users\jkmsz\go\bin;C:\Program Files (x86)\Nmap;C:\Users\jkmsz\AppData\Local\Programs\Microsoft VS Code\bin;C:\Users\jkmsz\.fly\bin;C:\Program Files (x86)\GitHub CLI\;C:\Users\jkmsz\spicetify-cli;C:\Program Files\PostgreSQL\14\bin;C:\Users\jkmsz\Downloads\swfmill-0.3.3-win32;C:\Users\jkmsz\.dotnet\tools;C:\Users\jkmsz\AppData\Local\Keybase\;C:\Users\jkmsz\Documents\coding\empire\church\node_modules\.bin;C:\Program Files (x86)\Git\mingw32\bin;C:\Program Files (x86)\Git\usr\bin;C:\Users\jkmsz\Downloads\cmder\vendor\bin;C:\Users\jkmsz\Downloads\cmder

Yarn version: 
  1.22.11

Node version: 
  16.6.0

Platform: 
  win32 x64

Trace: 
  Error: https://registry.yarnpkg.com/@church%2fserver: Not found
      at Request.params.callback [as _callback] (C:\Users\jkmsz\AppData\Roaming\npm\node_modules\yarn\lib\cli.js:66992:18)
      at Request.self.callback (C:\Users\jkmsz\AppData\Roaming\npm\node_modules\yarn\lib\cli.js:140763:22)
      at Request.emit (node:events:394:28)
      at Request.<anonymous> (C:\Users\jkmsz\AppData\Roaming\npm\node_modules\yarn\lib\cli.js:141735:10)
      at Request.emit (node:events:394:28)
      at IncomingMessage.<anonymous> (C:\Users\jkmsz\AppData\Roaming\npm\node_modules\yarn\lib\cli.js:141657:12)
      at Object.onceWrapper (node:events:513:28)
      at IncomingMessage.emit (node:events:406:35)
      at endReadableNT (node:internal/streams/readable:1331:12)
      at processTicksAndRejections (node:internal/process/task_queues:83:21)

npm manifest: 
  {
    "name": "@church/compiler",
    "version": "0.0.0",
    "description": "Compiler tooling for Church",
    "author": "Léderer András <andrew@file.glass>",
    "homepage": "",
    "license": "ISC",
    "main": "dist/index.js",
    "files": [
      "dist"
    ],
    "publishConfig": {
      "access": "public"
    },
    "scripts": {
      "build": "node build.js"
    },
    "dependencies": {
      "@church/server": "10",
      "fs-extra": "^10.0.0"
    },
    "devDependencies": {
      "@types/fs-extra": "^9.0.13",
      "esbuild-node-externals": "^1.4.1"
    }
  }

yarn manifest: 
  No manifest

Lockfile: 
  # THIS IS AN AUTOGENERATED FILE. DO NOT EDIT THIS FILE DIRECTLY.
  # yarn lockfile v1
  
  
  "@swc/core-android-arm-eabi@1.2.133":
    version "1.2.133"
    resolved "https://registry.yarnpkg.com/@swc/core-android-arm-eabi/-/core-android-arm-eabi-1.2.133.tgz#dea04365897889c6f827ceb544ea241c90f02709"
    integrity sha512-S6gc8Z1zhkDmMRwjeGp5Wf8zE+Vwc5m3weSltUTxbO27r48X6A8R2egM48ci/muPTPA6mOWQTViTFcq/hEgV2w==
  
  "@swc/core-android-arm64@1.2.133":
    version "1.2.133"
    resolved "https://registry.yarnpkg.com/@swc/core-android-arm64/-/core-android-arm64-1.2.133.tgz#9467327193885692d6b9204599bcb16863e3ccab"
    integrity sha512-rlsJ+UCk6QOUVde2l4yeM32R04KbnOM6a2WBw43f5IA8M8PDlWdRNHFE3jiwCIwBoG6MJ+EJE2PPmjxr3iSWvw==
  
  "@swc/core-darwin-arm64@1.2.133":
    version "1.2.133"
    resolved "https://registry.yarnpkg.com/@swc/core-darwin-arm64/-/core-darwin-arm64-1.2.133.tgz#95e6d46a8406c4b09e96eec4a3f0bad270285744"
    integrity sha512-COktqzeii453+JCGwgIM8vs4y4bgbIzY2lvSEYQmxZRVMAkqQVviLqG4cjm9tYHrW0o+9zpw+XTgpdPpkg32Yg==
  
  "@swc/core-darwin-x64@1.2.133":
    version "1.2.133"
    resolved "https://registry.yarnpkg.com/@swc/core-darwin-x64/-/core-darwin-x64-1.2.133.tgz#d40999cb465a160c1226fef42df31c7be1ed4999"
    integrity sha512-H5Hk+qWotdgVQOuQZdSMmIo4KUGxJjfVVBBbKe+TG1Vqyo5SQderc9TUZH8UzMP/tlX83Nzin0FHB+Ui9UhYqA==
  
  "@swc/core-freebsd-x64@1.2.133":
    version "1.2.133"
    resolved "https://registry.yarnpkg.com/@swc/core-freebsd-x64/-/core-freebsd-x64-1.2.133.tgz#0968766e4ff69509ae347e4fed3accb1f1e97c53"
    integrity sha512-eFYkZLyAghY90w7CfwHsQ7/doJ46QSlmMGA9qR9NEuPt9MthM84ZXE6d20BvOid0zeib2o6HdFzfaAkS09/hvA==
  
  "@swc/core-linux-arm-gnueabihf@1.2.133":
    version "1.2.133"
    resolved "https://registry.yarnpkg.com/@swc/core-linux-arm-gnueabihf/-/core-linux-arm-gnueabihf-1.2.133.tgz#fcbefd1783c8fbde44d965ec0fb051387c3c92a9"
    integrity sha512-oB9L0Xs6cfOYUr7Qc8tpPd3IpY3dXIaJZ/OZQqFhIQFzeMZVApaLBeyfX+gwH8d8wgceuPj4HeyZE+IWw2GTJQ==
  
  "@swc/core-linux-arm64-gnu@1.2.133":
    version "1.2.133"
    resolved "https://registry.yarnpkg.com/@swc/core-linux-arm64-gnu/-/core-linux-arm64-gnu-1.2.133.tgz#2d2986824aaf1dd58c4b4e173d6186b7e2073d54"
    integrity sha512-SF0Yviv+9L1ELsn578/TJd44rIhqbGGAD+AgpyJB8YGoFTAFUTnoAhFYNEPOEfbf/IQyWcyHk3vAZ7a2VPRIFg==
  
  "@swc/core-linux-arm64-musl@1.2.133":
    version "1.2.133"
    resolved "https://registry.yarnpkg.com/@swc/core-linux-arm64-musl/-/core-linux-arm64-musl-1.2.133.tgz#9daae6e86b9c692aecdaa6109721a5ff00d114ad"
    integrity sha512-tZiqwz7dTOxnGMwnYguULKl6gNom6CQWXoUyoliksaZA6+uNALO1/PNh/ctzuDbu2Agj4ltsmoevhZlrzC3geA==
  
  "@swc/core-linux-x64-gnu@1.2.133":
    version "1.2.133"
    resolved "https://registry.yarnpkg.com/@swc/core-linux-x64-gnu/-/core-linux-x64-gnu-1.2.133.tgz#77439a67f2e39125b2f6c5c62d70accaf5140323"
    integrity sha512-xXx+/x9y803chUtOqsETvZjimCEiFNcYobsV4wDzlO/E9njrDhmteGcHOv5C6cGSfP6H8tG+hL1JlqJQm+hPSQ==
  
  "@swc/core-linux-x64-musl@1.2.133":
    version "1.2.133"
    resolved "https://registry.yarnpkg.com/@swc/core-linux-x64-musl/-/core-linux-x64-musl-1.2.133.tgz#f37122c608d9392a3dbda4189e1d68db46f49614"
    integrity sha512-LnLY5MnwG/L7U+FC/k5LU4K7h+kz5/fo8DC507BncSZj5LLxT9ohhCxO+iUp7qKGw+UQFgSUgUinh1I8FfV6cQ==
  
  "@swc/core-win32-arm64-msvc@1.2.133":
    version "1.2.133"
    resolved "https://registry.yarnpkg.com/@swc/core-win32-arm64-msvc/-/core-win32-arm64-msvc-1.2.133.tgz#322ea6234182005a81a2b3e64d3e35273057bd8c"
    integrity sha512-Fk4D8v56TOhoP5lRFSoZqWXt8enCdHGbZsSIdz7DSjQyS/VeePXdoZI8vmWUcuy2OSquQ4hpS2o1v3wVSREWiw==
  
  "@swc/core-win32-ia32-msvc@1.2.133":
    version "1.2.133"
    resolved "https://registry.yarnpkg.com/@swc/core-win32-ia32-msvc/-/core-win32-ia32-msvc-1.2.133.tgz#b9766f17821ce3ae7010577174df2549f92a8a07"
    integrity sha512-Sf9UmXSPFr7308OSDfIIU0iLRfzilWlnVfVzUfWLd02Z9t5awBxNYCAZrXxny4FUvTDK9qL+/uY378bFH6tYiw==
  
  "@swc/core-win32-x64-msvc@1.2.133":
    version "1.2.133"
    resolved "https://registry.yarnpkg.com/@swc/core-win32-x64-msvc/-/core-win32-x64-msvc-1.2.133.tgz#5afc09724bac622e6f40ce6cd5e901e1458aad98"
    integrity sha512-nXZJihzwUjzzF78ipPp+uUWmLQtbFzuR5eADNk1MsnHgWflKaL5OXNVz5c8+qyTl5/c3/W1b4GSevFOfEuApxw==
  
  "@swc/core@^1.2.133":
    version "1.2.133"
    resolved "https://registry.yarnpkg.com/@swc/core/-/core-1.2.133.tgz#2d0654b2135ea822e2933c02e150563165bdefff"
    integrity sha512-bXrGSrNK9O6Q5dHSazhAVvcGqxSy6ffAIeGSnweHM2cq0Gsrv0Admrj79ERH0dzsubxy4EnY8A0oHj3pEVmL0g==
    optionalDependencies:
      "@swc/core-android-arm-eabi" "1.2.133"
      "@swc/core-android-arm64" "1.2.133"
      "@swc/core-darwin-arm64" "1.2.133"
      "@swc/core-darwin-x64" "1.2.133"
      "@swc/core-freebsd-x64" "1.2.133"
      "@swc/core-linux-arm-gnueabihf" "1.2.133"
      "@swc/core-linux-arm64-gnu" "1.2.133"
      "@swc/core-linux-arm64-musl" "1.2.133"
      "@swc/core-linux-x64-gnu" "1.2.133"
      "@swc/core-linux-x64-musl" "1.2.133"
      "@swc/core-win32-arm64-msvc" "1.2.133"
      "@swc/core-win32-ia32-msvc" "1.2.133"
      "@swc/core-win32-x64-msvc" "1.2.133"
  
  "@types/fs-extra@^9.0.13":
    version "9.0.13"
    resolved "https://registry.yarnpkg.com/@types/fs-extra/-/fs-extra-9.0.13.tgz#7594fbae04fe7f1918ce8b3d213f74ff44ac1f45"
    integrity sha512-nEnwB++1u5lVDM2UI4c1+5R+FYaKfaAzS4OococimjVm3nQw3TuzH5UNsocrcTBbhnerblyHj4A49qXbIiZdpA==
    dependencies:
      "@types/node" "*"
  
  "@types/node@*":
    version "17.0.10"
    resolved "https://registry.yarnpkg.com/@types/node/-/node-17.0.10.tgz#616f16e9d3a2a3d618136b1be244315d95bd7cab"
    integrity sha512-S/3xB4KzyFxYGCppyDt68yzBU9ysL88lSdIah4D6cptdcltc4NCPCAMc0+PCpg/lLIyC7IPvj2Z52OJWeIUkog==
  
  esbuild-node-externals@^1.4.1:
    version "1.4.1"
    resolved "https://registry.yarnpkg.com/esbuild-node-externals/-/esbuild-node-externals-1.4.1.tgz#7f8602c32791c113c70efef433eac55477136e29"
    integrity sha512-ZFNGa6w1kYzn4wx9ty4eaItaOTSe2hWQZ6WXa/8guKJCiXL3XpW2CZT4gkx2OhfBKxpqaqa7ZeGK54ScoLSUdw==
    dependencies:
      find-up "5.0.0"
      tslib "2.3.1"
  
  find-up@5.0.0:
    version "5.0.0"
    resolved "https://registry.yarnpkg.com/find-up/-/find-up-5.0.0.tgz#4c92819ecb7083561e4f4a240a86be5198f536fc"
    integrity sha512-78/PXT1wlLLDgTzDs7sjq9hzz0vXD+zn+7wypEe4fXQxCmdmqfGsEPQxmiCSQI3ajFV91bVSsvNtrJRiW6nGng==
    dependencies:
      locate-path "^6.0.0"
      path-exists "^4.0.0"
  
  fs-extra@^10.0.0:
    version "10.0.0"
    resolved "https://registry.yarnpkg.com/fs-extra/-/fs-extra-10.0.0.tgz#9ff61b655dde53fb34a82df84bb214ce802e17c1"
    integrity sha512-C5owb14u9eJwizKGdchcDUQeFtlSHHthBk8pbX9Vc1PFZrLombudjDnNns88aYslCyF6IY5SUw3Roz6xShcEIQ==
    dependencies:
      graceful-fs "^4.2.0"
      jsonfile "^6.0.1"
      universalify "^2.0.0"
  
  graceful-fs@^4.1.6, graceful-fs@^4.2.0:
    version "4.2.9"
    resolved "https://registry.yarnpkg.com/graceful-fs/-/graceful-fs-4.2.9.tgz#041b05df45755e587a24942279b9d113146e1c96"
    integrity sha512-NtNxqUcXgpW2iMrfqSfR73Glt39K+BLwWsPs94yR63v45T0Wbej7eRmL5cWfwEgqXnmjQp3zaJTshdRW/qC2ZQ==
  
  jsonfile@^6.0.1:
    version "6.1.0"
    resolved "https://registry.yarnpkg.com/jsonfile/-/jsonfile-6.1.0.tgz#bc55b2634793c679ec6403094eb13698a6ec0aae"
    integrity sha512-5dgndWOriYSm5cnYaJNhalLNDKOqFwyDB/rr1E9ZsGciGvKPs8R2xYGCacuf3z6K1YKDz182fd+fY3cn3pMqXQ==
    dependencies:
      universalify "^2.0.0"
    optionalDependencies:
      graceful-fs "^4.1.6"
  
  locate-path@^6.0.0:
    version "6.0.0"
    resolved "https://registry.yarnpkg.com/locate-path/-/locate-path-6.0.0.tgz#55321eb309febbc59c4801d931a72452a681d286"
    integrity sha512-iPZK6eYjbxRu3uB4/WZ3EsEIMJFMqAoopl3R+zuq0UjcAm/MO6KCweDgPfP3elTztoKP3KtnVHxTn2NHBSDVUw==
    dependencies:
      p-locate "^5.0.0"
  
  p-limit@^3.0.2:
    version "3.1.0"
    resolved "https://registry.yarnpkg.com/p-limit/-/p-limit-3.1.0.tgz#e1daccbe78d0d1388ca18c64fea38e3e57e3706b"
    integrity sha512-TYOanM3wGwNGsZN2cVTYPArw454xnXj5qmWF1bEoAc4+cU/ol7GVh7odevjp1FNHduHc3KZMcFduxU5Xc6uJRQ==
    dependencies:
      yocto-queue "^0.1.0"
  
  p-locate@^5.0.0:
    version "5.0.0"
    resolved "https://registry.yarnpkg.com/p-locate/-/p-locate-5.0.0.tgz#83c8315c6785005e3bd021839411c9e110e6d834"
    integrity sha512-LaNjtRWUBY++zB5nE/NwcaoMylSPk+S+ZHNB1TzdbMJMny6dynpAGt7X/tl/QYq3TIeE6nxHppbo2LGymrG5Pw==
    dependencies:
      p-limit "^3.0.2"
  
  path-exists@^4.0.0:
    version "4.0.0"
    resolved "https://registry.yarnpkg.com/path-exists/-/path-exists-4.0.0.tgz#513bdbe2d3b95d7762e8c1137efa195c6c61b5b3"
    integrity sha512-ak9Qy5Q7jYb2Wwcey5Fpvg2KoAc/ZIhLSLOSBmRmygPsGwkVVt0fZa0qrtMz+m6tJTAHfZQ8FnmB4MG4LWy7/w==
  
  tslib@2.3.1:
    version "2.3.1"
    resolved "https://registry.yarnpkg.com/tslib/-/tslib-2.3.1.tgz#e8a335add5ceae51aa261d32a490158ef042ef01"
    integrity sha512-77EbyPPpMz+FRFRuAFlWMtmgUWGe9UOG2Z25NqCwiIjRhOf5iKGuzSe5P2w1laq+FkRy4p+PCuVkJSGkzTEKVw==
  
  universalify@^2.0.0:
    version "2.0.0"
    resolved "https://registry.yarnpkg.com/universalify/-/universalify-2.0.0.tgz#75a4984efedc4b08975c5aeb73f530d02df25717"
    integrity sha512-hAZsKq7Yy11Zu1DE0OzWjw7nnLZmJZYTDZZyEFHZdUhV8FkH5MCfoU1XMaxXovpyW5nq5scPqq0ZDP9Zyl04oQ==
  
  yocto-queue@^0.1.0:
    version "0.1.0"
    resolved "https://registry.yarnpkg.com/yocto-queue/-/yocto-queue-0.1.0.tgz#0294eb3dee05028d31ee1a5fa2c556a6aaf10a1b"
    integrity sha512-rVksvsnNCdJ/ohGc6xgPwyN8eheCxsiLM8mxuE/t/mOVqJewPuO1miLpTHQiRgTKCLexL4MeAFVagts7HmNZ2Q==
